0 verbose cli /usr/local/bin/node /usr/local/bin/npm
1 info using npm@10.5.0
2 info using node@v20.11.1
3 timing npm:load:whichnode Completed in 2ms
4 timing config:load:defaults Completed in 2ms
5 timing config:load:file:/usr/local/lib/node_modules/npm/npmrc Completed in 87ms
6 timing config:load:builtin Completed in 88ms
7 timing config:load:cli Completed in 3ms
8 timing config:load:env Completed in 1ms
9 timing config:load:project Completed in 96ms
10 timing config:load:file:/home/container/.npmrc Completed in 0ms
11 timing config:load:user Completed in 1ms
12 timing config:load:file:/usr/local/etc/npmrc Completed in 0ms
13 timing config:load:global Completed in 0ms
14 timing config:load:setEnvs Completed in 2ms
15 timing config:load Completed in 193ms
16 timing npm:load:configload Completed in 193ms
17 timing config:load:flatten Completed in 4ms
18 timing npm:load:mkdirpcache Completed in 1ms
19 timing npm:load:mkdirplogs Completed in 0ms
20 verbose title npm install npm install express
21 verbose argv "install" "npm" "install" "express"
22 timing npm:load:setTitle Completed in 1ms
23 timing npm:load:display Completed in 1ms
24 verbose logfile logs-max:10 dir:/home/container/.npm/_logs/2024-03-21T02_26_37_075Z-
25 verbose logfile /home/container/.npm/_logs/2024-03-21T02_26_37_075Z-debug-0.log
26 timing npm:load:logFile Completed in 90ms
27 timing npm:load:timers Completed in 0ms
28 timing npm:load:configScope Completed in 0ms
29 timing npm:load Completed in 402ms
30 timing arborist:ctor Completed in 1ms
31 silly logfile done cleaning log files
32 timing idealTree:init Completed in 898ms
33 timing idealTree:userRequests Completed in 1ms
34 silly idealTree buildDeps
35 silly fetch manifest npm@^10.5.0
36 timing arborist:ctor Completed in 0ms
37 http fetch GET 200 https://registry.npmjs.org/npm 1107ms (cache hit)
38 silly fetch manifest install@*
39 http fetch GET 200 https://registry.npmjs.org/install 1517ms (cache miss)
40 silly fetch manifest express@*
41 http fetch GET 200 https://registry.npmjs.org/express 203ms (cache miss)
42 silly placeDep ROOT express@4.19.1 OK for:  want: *
43 silly placeDep ROOT install@0.13.0 OK for:  want: *
44 silly placeDep ROOT npm@10.5.0 REPLACE for:  want: ^10.5.0
45 silly fetch manifest accepts@~1.3.8
46 silly fetch manifest array-flatten@1.1.1
47 silly fetch manifest body-parser@1.20.2
48 silly fetch manifest content-disposition@0.5.4
49 silly fetch manifest content-type@~1.0.4
50 silly fetch manifest cookie@0.6.0
51 silly fetch manifest cookie-signature@1.0.6
52 silly fetch manifest debug@2.6.9
53 silly fetch manifest depd@2.0.0
54 silly fetch manifest encodeurl@~1.0.2
55 silly fetch manifest escape-html@~1.0.3
56 http fetch GET 200 https://registry.npmjs.org/accepts 212ms (cache miss)
57 silly fetch manifest etag@~1.8.1
58 http fetch GET 200 https://registry.npmjs.org/encodeurl 603ms (cache miss)
59 silly fetch manifest finalhandler@1.2.0
60 http fetch GET 200 https://registry.npmjs.org/etag 490ms (cache miss)
61 silly fetch manifest fresh@0.5.2
62 http fetch GET 200 https://registry.npmjs.org/cookie-signature 617ms (cache miss)
63 silly fetch manifest http-errors@2.0.0
64 http fetch GET 200 https://registry.npmjs.org/escape-html 697ms (cache miss)
65 silly fetch manifest merge-descriptors@1.0.1
66 http fetch GET 200 https://registry.npmjs.org/content-type 793ms (cache miss)
67 silly fetch manifest methods@~1.1.2
68 http fetch GET 200 https://registry.npmjs.org/content-disposition 801ms (cache miss)
69 silly fetch manifest on-finished@2.4.1
70 http fetch GET 200 https://registry.npmjs.org/array-flatten 804ms (cache miss)
71 silly fetch manifest parseurl@~1.3.3
72 http fetch GET 200 https://registry.npmjs.org/depd 814ms (cache miss)
73 silly fetch manifest path-to-regexp@0.1.7
74 http fetch GET 200 https://registry.npmjs.org/cookie 990ms (cache miss)
75 silly fetch manifest proxy-addr@~2.0.7
76 http fetch GET 200 https://registry.npmjs.org/methods 495ms (cache miss)
77 silly fetch manifest qs@6.11.0
78 http fetch GET 200 https://registry.npmjs.org/fresh 593ms (cache miss)
79 silly fetch manifest range-parser@~1.2.1
80 http fetch GET 200 https://registry.npmjs.org/merge-descriptors 507ms (cache miss)
81 silly fetch manifest safe-buffer@5.2.1
82 http fetch GET 200 https://registry.npmjs.org/body-parser 1406ms (cache miss)
83 silly fetch manifest send@0.18.0
84 http fetch GET 200 https://registry.npmjs.org/on-finished 692ms (cache miss)
85 silly fetch manifest serve-static@1.15.0
86 http fetch GET 200 https://registry.npmjs.org/parseurl 696ms (cache miss)
87 silly fetch manifest setprototypeof@1.2.0
88 http fetch GET 200 https://registry.npmjs.org/finalhandler 806ms (cache miss)
89 silly fetch manifest statuses@2.0.1
90 http fetch GET 200 https://registry.npmjs.org/http-errors 902ms (cache miss)
91 silly fetch manifest type-is@~1.6.18
92 http fetch GET 200 https://registry.npmjs.org/debug 1705ms (cache miss)
93 silly fetch manifest utils-merge@1.0.1
94 http fetch GET 200 https://registry.npmjs.org/proxy-addr 900ms (cache miss)
95 silly fetch manifest vary@~1.1.2
96 http fetch GET 200 https://registry.npmjs.org/range-parser 1895ms (cache miss)
97 http fetch GET 200 https://registry.npmjs.org/setprototypeof 1892ms (cache miss)
98 http fetch GET 200 https://registry.npmjs.org/statuses 1894ms (cache miss)
99 http fetch GET 200 https://registry.npmjs.org/send 1910ms (cache miss)
100 http fetch GET 200 https://registry.npmjs.org/safe-buffer 2190ms (cache miss)
101 http fetch GET 200 https://registry.npmjs.org/path-to-regexp 2587ms (cache miss)
102 http fetch GET 200 https://registry.npmjs.org/vary 1606ms (cache miss)
103 http fetch GET 200 https://registry.npmjs.org/utils-merge 1614ms (cache miss)
104 http fetch GET 200 https://registry.npmjs.org/serve-static 2009ms (cache miss)
105 http fetch GET 200 https://registry.npmjs.org/type-is 1898ms (cache miss)
106 http fetch GET 200 https://registry.npmjs.org/qs 2309ms (cache miss)
107 timing idealTree:#root Completed in 13311ms
108 silly placeDep ROOT accepts@1.3.8 OK for: express@4.19.1 want: ~1.3.8
109 silly placeDep ROOT array-flatten@1.1.1 OK for: express@4.19.1 want: 1.1.1
110 silly placeDep ROOT body-parser@1.20.2 OK for: express@4.19.1 want: 1.20.2
111 silly placeDep ROOT content-disposition@0.5.4 OK for: express@4.19.1 want: 0.5.4
112 silly placeDep ROOT content-type@1.0.5 OK for: express@4.19.1 want: ~1.0.4
113 silly placeDep ROOT cookie@0.6.0 OK for: express@4.19.1 want: 0.6.0
114 silly placeDep ROOT cookie-signature@1.0.6 OK for: express@4.19.1 want: 1.0.6
115 silly placeDep ROOT debug@2.6.9 OK for: express@4.19.1 want: 2.6.9
116 silly placeDep ROOT depd@2.0.0 OK for: express@4.19.1 want: 2.0.0
117 silly placeDep ROOT encodeurl@1.0.2 OK for: express@4.19.1 want: ~1.0.2
118 silly placeDep ROOT escape-html@1.0.3 OK for: express@4.19.1 want: ~1.0.3
119 silly placeDep ROOT etag@1.8.1 OK for: express@4.19.1 want: ~1.8.1
120 silly placeDep ROOT finalhandler@1.2.0 OK for: express@4.19.1 want: 1.2.0
121 silly placeDep ROOT fresh@0.5.2 OK for: express@4.19.1 want: 0.5.2
122 silly placeDep ROOT http-errors@2.0.0 OK for: express@4.19.1 want: 2.0.0
123 silly placeDep ROOT merge-descriptors@1.0.1 OK for: express@4.19.1 want: 1.0.1
124 silly placeDep ROOT methods@1.1.2 OK for: express@4.19.1 want: ~1.1.2
125 silly placeDep ROOT on-finished@2.4.1 OK for: express@4.19.1 want: 2.4.1
126 silly placeDep ROOT parseurl@1.3.3 OK for: express@4.19.1 want: ~1.3.3
127 silly placeDep ROOT path-to-regexp@0.1.7 OK for: express@4.19.1 want: 0.1.7
128 silly placeDep ROOT proxy-addr@2.0.7 OK for: express@4.19.1 want: ~2.0.7
129 silly placeDep ROOT qs@6.11.0 OK for: express@4.19.1 want: 6.11.0
130 silly placeDep ROOT range-parser@1.2.1 OK for: express@4.19.1 want: ~1.2.1
131 silly placeDep ROOT safe-buffer@5.2.1 OK for: express@4.19.1 want: 5.2.1
132 silly placeDep ROOT send@0.18.0 OK for: express@4.19.1 want: 0.18.0
133 silly placeDep ROOT serve-static@1.15.0 OK for: express@4.19.1 want: 1.15.0
134 silly placeDep ROOT setprototypeof@1.2.0 OK for: express@4.19.1 want: 1.2.0
135 silly placeDep ROOT statuses@2.0.1 OK for: express@4.19.1 want: 2.0.1
136 silly placeDep ROOT type-is@1.6.18 OK for: express@4.19.1 want: ~1.6.18
137 silly placeDep ROOT utils-merge@1.0.1 OK for: express@4.19.1 want: 1.0.1
138 silly placeDep ROOT vary@1.1.2 OK for: express@4.19.1 want: ~1.1.2
139 silly fetch manifest mime-types@~2.1.34
140 silly fetch manifest negotiator@0.6.3
141 silly fetch manifest bytes@3.1.2
142 silly fetch manifest content-type@~1.0.5
143 silly fetch manifest destroy@1.2.0
144 silly fetch manifest iconv-lite@0.4.24
145 silly fetch manifest raw-body@2.5.2
146 silly fetch manifest unpipe@1.0.0
147 silly fetch manifest ms@2.0.0
148 silly fetch manifest unpipe@~1.0.0
149 silly fetch manifest inherits@2.0.4
150 silly fetch manifest toidentifier@1.0.1
151 http fetch GET 200 https://registry.npmjs.org/destroy 509ms (cache miss)
152 silly fetch manifest ee-first@1.1.1
153 http fetch GET 200 https://registry.npmjs.org/toidentifier 592ms (cache miss)
154 silly fetch manifest forwarded@0.2.0
155 http fetch GET 200 https://registry.npmjs.org/inherits 597ms (cache miss)
156 silly fetch manifest ipaddr.js@1.9.1
157 http fetch GET 200 https://registry.npmjs.org/negotiator 697ms (cache miss)
158 silly fetch manifest side-channel@^1.0.4
159 http fetch GET 200 https://registry.npmjs.org/bytes 786ms (cache miss)
160 silly fetch manifest mime@1.6.0
161 http fetch GET 200 https://registry.npmjs.org/unpipe 791ms (cache miss)
162 silly fetch manifest ms@2.1.3
163 http fetch GET 200 https://registry.npmjs.org/iconv-lite 903ms (cache miss)
164 silly fetch manifest media-typer@0.3.0
165 http fetch GET 200 https://registry.npmjs.org/raw-body 1003ms (cache miss)
166 silly fetch manifest mime-types@~2.1.24
167 http fetch GET 200 https://registry.npmjs.org/ms 1199ms (cache miss)
168 http fetch GET 200 https://registry.npmjs.org/mime-types 1386ms (cache miss)
169 http fetch GET 200 https://registry.npmjs.org/unpipe 1301ms (cache miss)
170 http fetch GET 200 https://registry.npmjs.org/forwarded 701ms (cache miss)
171 http fetch GET 200 https://registry.npmjs.org/ee-first 711ms (cache miss)
172 http fetch GET 200 https://registry.npmjs.org/ipaddr.js 704ms (cache miss)
173 http fetch GET 200 https://registry.npmjs.org/side-channel 701ms (cache miss)
174 http fetch GET 200 https://registry.npmjs.org/ms 602ms (cache miss)
175 http fetch GET 200 https://registry.npmjs.org/media-typer 403ms (cache miss)
176 http fetch GET 200 https://registry.npmjs.org/mime 699ms (cache miss)
177 http fetch GET 200 https://registry.npmjs.org/mime-types 403ms (cache miss)
178 timing idealTree:node_modules/express Completed in 1994ms
179 silly placeDep ROOT mime-types@2.1.35 OK for: accepts@1.3.8 want: ~2.1.34
180 silly placeDep ROOT negotiator@0.6.3 OK for: accepts@1.3.8 want: 0.6.3
181 silly fetch manifest mime-db@1.52.0
182 http fetch GET 200 https://registry.npmjs.org/mime-db 99ms (cache miss)
183 timing idealTree:node_modules/accepts Completed in 191ms
184 timing idealTree:node_modules/array-flatten Completed in 0ms
185 silly placeDep ROOT bytes@3.1.2 OK for: body-parser@1.20.2 want: 3.1.2
186 silly placeDep ROOT destroy@1.2.0 OK for: body-parser@1.20.2 want: 1.2.0
187 silly placeDep ROOT iconv-lite@0.4.24 OK for: body-parser@1.20.2 want: 0.4.24
188 silly placeDep ROOT raw-body@2.5.2 OK for: body-parser@1.20.2 want: 2.5.2
189 silly placeDep ROOT unpipe@1.0.0 OK for: body-parser@1.20.2 want: 1.0.0
190 silly fetch manifest safer-buffer@>= 2.1.2 < 3
191 http fetch GET 200 https://registry.npmjs.org/safer-buffer 725ms (cache miss)
192 timing idealTree:node_modules/body-parser Completed in 832ms
193 timing idealTree:node_modules/bytes Completed in 0ms
194 timing idealTree:node_modules/content-disposition Completed in 0ms
195 timing idealTree:node_modules/content-type Completed in 0ms
196 timing idealTree:node_modules/cookie Completed in 0ms
197 timing idealTree:node_modules/cookie-signature Completed in 0ms
198 silly placeDep ROOT ms@2.0.0 OK for: debug@2.6.9 want: 2.0.0
199 timing idealTree:node_modules/debug Completed in 4ms
200 timing idealTree:node_modules/depd Completed in 0ms
201 timing idealTree:node_modules/destroy Completed in 0ms
202 timing idealTree:node_modules/encodeurl Completed in 0ms
203 timing idealTree:node_modules/escape-html Completed in 0ms
204 timing idealTree:node_modules/etag Completed in 0ms
205 timing idealTree:node_modules/finalhandler Completed in 0ms
206 timing idealTree:node_modules/fresh Completed in 0ms
207 silly placeDep ROOT inherits@2.0.4 OK for: http-errors@2.0.0 want: 2.0.4
208 silly placeDep ROOT toidentifier@1.0.1 OK for: http-errors@2.0.0 want: 1.0.1
209 timing idealTree:node_modules/http-errors Completed in 56ms
210 silly placeDep ROOT safer-buffer@2.1.2 OK for: iconv-lite@0.4.24 want: >= 2.1.2 < 3
211 timing idealTree:node_modules/iconv-lite Completed in 4ms
212 timing idealTree:node_modules/inherits Completed in 0ms
213 timing idealTree:node_modules/install Completed in 0ms
214 timing idealTree:node_modules/merge-descriptors Completed in 1ms
215 timing idealTree:node_modules/methods Completed in 0ms
216 silly placeDep ROOT mime-db@1.52.0 OK for: mime-types@2.1.35 want: 1.52.0
217 timing idealTree:node_modules/mime-types Completed in 92ms
218 timing idealTree:node_modules/mime-db Completed in 0ms
219 timing idealTree:node_modules/ms Completed in 0ms
220 timing idealTree:node_modules/negotiator Completed in 0ms
221 timing idealTree:node_modules/npm Completed in 1ms
222 silly placeDep ROOT ee-first@1.1.1 OK for: on-finished@2.4.1 want: 1.1.1
223 timing idealTree:node_modules/on-finished Completed in 99ms
224 timing idealTree:node_modules/ee-first Completed in 0ms
225 timing idealTree:node_modules/parseurl Completed in 0ms
226 timing idealTree:node_modules/path-to-regexp Completed in 0ms
227 silly placeDep ROOT forwarded@0.2.0 OK for: proxy-addr@2.0.7 want: 0.2.0
228 silly placeDep ROOT ipaddr.js@1.9.1 OK for: proxy-addr@2.0.7 want: 1.9.1
229 timing idealTree:node_modules/proxy-addr Completed in 7ms
230 timing idealTree:node_modules/forwarded Completed in 0ms
231 timing idealTree:node_modules/ipaddr.js Completed in 0ms
232 silly placeDep ROOT side-channel@1.0.6 OK for: qs@6.11.0 want: ^1.0.4
233 silly fetch manifest call-bind@^1.0.7
234 silly fetch manifest es-errors@^1.3.0
235 silly fetch manifest get-intrinsic@^1.2.4
236 silly fetch manifest object-inspect@^1.13.1
237 http fetch GET 200 https://registry.npmjs.org/call-bind 1502ms (cache miss)
238 http fetch GET 200 https://registry.npmjs.org/es-errors 1596ms (cache miss)
239 http fetch GET 200 https://registry.npmjs.org/get-intrinsic 1696ms (cache miss)
240 http fetch GET 200 https://registry.npmjs.org/object-inspect 1697ms (cache miss)
241 timing idealTree:node_modules/qs Completed in 1801ms
242 timing idealTree:node_modules/range-parser Completed in 0ms
243 timing idealTree:node_modules/raw-body Completed in 0ms
244 timing idealTree:node_modules/safe-buffer Completed in 1ms
245 timing idealTree:node_modules/safer-buffer Completed in 0ms
246 silly placeDep ROOT mime@1.6.0 OK for: send@0.18.0 want: 1.6.0
247 silly placeDep node_modules/send ms@2.1.3 OK for: send@0.18.0 want: 2.1.3
248 timing idealTree:node_modules/send Completed in 7ms
249 timing idealTree:node_modules/mime Completed in 0ms
250 timing idealTree:node_modules/serve-static Completed in 0ms
251 timing idealTree:node_modules/setprototypeof Completed in 0ms
252 silly placeDep ROOT call-bind@1.0.7 OK for: side-channel@1.0.6 want: ^1.0.7
253 silly placeDep ROOT es-errors@1.3.0 OK for: side-channel@1.0.6 want: ^1.3.0
254 silly placeDep ROOT get-intrinsic@1.2.4 OK for: side-channel@1.0.6 want: ^1.2.4
255 silly placeDep ROOT object-inspect@1.13.1 OK for: side-channel@1.0.6 want: ^1.13.1
256 silly fetch manifest es-define-property@^1.0.0
257 silly fetch manifest function-bind@^1.1.2
258 silly fetch manifest set-function-length@^1.2.1
259 silly fetch manifest has-proto@^1.0.1
260 silly fetch manifest has-symbols@^1.0.3
261 silly fetch manifest hasown@^2.0.0
262 http fetch GET 200 https://registry.npmjs.org/es-define-property 403ms (cache miss)
263 http fetch GET 200 https://registry.npmjs.org/has-symbols 305ms (cache miss)
264 http fetch GET 200 https://registry.npmjs.org/has-proto 491ms (cache miss)
265 http fetch GET 200 https://registry.npmjs.org/function-bind 499ms (cache miss)
266 http fetch GET 200 https://registry.npmjs.org/hasown 402ms (cache miss)
267 http fetch GET 200 https://registry.npmjs.org/set-function-length 498ms (cache miss)
268 timing idealTree:node_modules/side-channel Completed in 689ms
269 silly placeDep ROOT es-define-property@1.0.0 OK for: call-bind@1.0.7 want: ^1.0.0
270 silly placeDep ROOT function-bind@1.1.2 OK for: call-bind@1.0.7 want: ^1.1.2
271 silly placeDep ROOT set-function-length@1.2.2 OK for: call-bind@1.0.7 want: ^1.2.1
272 silly fetch manifest define-data-property@^1.1.4
273 silly fetch manifest gopd@^1.0.1
274 silly fetch manifest has-property-descriptors@^1.0.2
275 http fetch GET 200 https://registry.npmjs.org/define-data-property 95ms (cache miss)
276 http fetch GET 200 https://registry.npmjs.org/gopd 95ms (cache miss)
277 http fetch GET 200 https://registry.npmjs.org/has-property-descriptors 187ms (cache miss)
278 timing idealTree:node_modules/call-bind Completed in 197ms
279 timing idealTree:node_modules/es-define-property Completed in 0ms
280 timing idealTree:node_modules/es-errors Completed in 0ms
281 timing idealTree:node_modules/function-bind Completed in 0ms
282 silly placeDep ROOT has-proto@1.0.3 OK for: get-intrinsic@1.2.4 want: ^1.0.1
283 silly placeDep ROOT has-symbols@1.0.3 OK for: get-intrinsic@1.2.4 want: ^1.0.3
284 silly placeDep ROOT hasown@2.0.2 OK for: get-intrinsic@1.2.4 want: ^2.0.0
285 timing idealTree:node_modules/get-intrinsic Completed in 5ms
286 timing idealTree:node_modules/has-proto Completed in 0ms
287 timing idealTree:node_modules/has-symbols Completed in 0ms
288 timing idealTree:node_modules/hasown Completed in 0ms
289 timing idealTree:node_modules/object-inspect Completed in 0ms
290 silly placeDep ROOT define-data-property@1.1.4 OK for: set-function-length@1.2.2 want: ^1.1.4
291 silly placeDep ROOT gopd@1.0.1 OK for: set-function-length@1.2.2 want: ^1.0.1
292 silly placeDep ROOT has-property-descriptors@1.0.2 OK for: set-function-length@1.2.2 want: ^1.0.2
293 timing idealTree:node_modules/set-function-length Completed in 94ms
294 timing idealTree:node_modules/define-data-property Completed in 0ms
295 timing idealTree:node_modules/gopd Completed in 0ms
296 timing idealTree:node_modules/has-property-descriptors Completed in 0ms
297 timing idealTree:node_modules/statuses Completed in 0ms
298 timing idealTree:node_modules/toidentifier Completed in 0ms
299 silly placeDep ROOT media-typer@0.3.0 OK for: type-is@1.6.18 want: 0.3.0
300 timing idealTree:node_modules/type-is Completed in 2ms
301 timing idealTree:node_modules/media-typer Completed in 0ms
302 timing idealTree:node_modules/unpipe Completed in 0ms
303 timing idealTree:node_modules/utils-merge Completed in 0ms
304 timing idealTree:node_modules/vary Completed in 0ms
305 timing idealTree:node_modules/send/node_modules/ms Completed in 0ms
306 timing idealTree:buildDeps Completed in 19398ms
307 timing idealTree:fixDepFlags Completed in 98ms
308 timing idealTree Completed in 20496ms
309 timing reify:loadTrees Completed in 20497ms
310 timing reify:diffTrees Completed in 701ms
311 silly reify moves {}
312 timing reify:retireShallow Completed in 2ms
313 timing reify:createSparse Completed in 192ms
314 timing reify:loadBundles Completed in 0ms
315 silly audit bulk request {
315 silly audit   daemon: [ '1.1.0' ],
315 silly audit   init: [ '0.1.2' ],
315 silly audit   express: [ '4.19.1' ],
315 silly audit   install: [ '0.13.0' ],
315 silly audit   npm: [ '10.5.0' ],
315 silly audit   'ansi-regex': [ '6.0.1', '5.0.1' ],
315 silly audit   'emoji-regex': [ '9.2.2', '8.0.0' ],
315 silly audit   'string-width': [ '5.1.2', '4.2.3' ],
315 silly audit   'strip-ansi': [ '7.1.0', '6.0.1' ],
315 silly audit   'ansi-styles': [ '4.3.0', '6.2.1' ],
315 silly audit   which: [ '2.0.2', '4.0.0' ],
315 silly audit   debug: [ '2.6.9', '4.3.4' ],
315 silly audit   ms: [ '2.0.0', '2.1.3', '2.1.2' ],
315 silly audit   'fs-minipass': [ '3.0.3', '2.1.0' ],
315 silly audit   'function-bind': [ '1.1.2' ],
315 silly audit   hasown: [ '2.0.2', '2.0.1' ],
315 silly audit   'iconv-lite': [ '0.4.24', '0.6.3' ],
315 silly audit   isexe: [ '2.0.0', '3.1.1' ],
315 silly audit   'lru-cache': [ '10.2.0', '6.0.0' ],
315 silly audit   minipass: [ '7.0.4', '3.3.6', '5.0.0' ],
315 silly audit   negotiator: [ '0.6.3' ],
315 silly audit   'safer-buffer': [ '2.1.2' ],
315 silly audit   'wrap-ansi': [ '8.1.0', '7.0.0' ],
315 silly audit   accepts: [ '1.3.8' ],
315 silly audit   'array-flatten': [ '1.1.1' ],
315 silly audit   'body-parser': [ '1.20.2' ],
315 silly audit   'content-disposition': [ '0.5.4' ],
315 silly audit   'content-type': [ '1.0.5' ],
315 silly audit   cookie: [ '0.6.0' ],
315 silly audit   'cookie-signature': [ '1.0.6' ],
315 silly audit   depd: [ '2.0.0' ],
315 silly audit   encodeurl: [ '1.0.2' ],
315 silly audit   'escape-html': [ '1.0.3' ],
315 silly audit   etag: [ '1.8.1' ],
315 silly audit   finalhandler: [ '1.2.0' ],
315 silly audit   fresh: [ '0.5.2' ],
315 silly audit   'http-errors': [ '2.0.0' ],
315 silly audit   'merge-descriptors': [ '1.0.1' ],
315 silly audit   methods: [ '1.1.2' ],
315 silly audit   'on-finished': [ '2.4.1' ],
315 silly audit   parseurl: [ '1.3.3' ],
315 silly audit   'path-to-regexp': [ '0.1.7' ],
315 silly audit   'proxy-addr': [ '2.0.7' ],
315 silly audit   qs: [ '6.11.0' ],
315 silly audit   'range-parser': [ '1.2.1' ],
315 silly audit   'safe-buffer': [ '5.2.1' ],
315 silly audit   send: [ '0.18.0' ],
315 silly audit   'serve-static': [ '1.15.0' ],
315 silly audit   setprototypeof: [ '1.2.0' ],
315 silly audit   statuses: [ '2.0.1' ],
315 silly audit   'type-is': [ '1.6.18' ],
315 silly audit   'utils-merge': [ '1.0.1' ],
315 silly audit   vary: [ '1.1.2' ],
315 silly audit   'mime-types': [ '2.1.35' ],
315 silly audit   bytes: [ '3.1.2' ],
315 silly audit   destroy: [ '1.2.0' ],
315 silly audit   'raw-body': [ '2.5.2' ],
315 silly audit   unpipe: [ '1.0.0' ],
315 silly audit   inherits: [ '2.0.4' ],
315 silly audit   toidentifier: [ '1.0.1' ],
315 silly audit   'mime-db': [ '1.52.0' ],
315 silly audit   'ee-first': [ '1.1.1' ],
315 silly audit   forwarded: [ '0.2.0' ],
315 silly audit   'ipaddr.js': [ '1.9.1' ],
315 silly audit   'side-channel': [ '1.0.6' ],
315 silly audit   mime: [ '1.6.0' ],
315 silly audit   'call-bind': [ '1.0.7' ],
315 silly audit   'es-errors': [ '1.3.0' ],
315 silly audit   'get-intrinsic': [ '1.2.4' ],
315 silly audit   'object-inspect': [ '1.13.1' ],
315 silly audit   'es-define-property': [ '1.0.0' ],
315 silly audit   'set-function-length': [ '1.2.2' ],
315 silly audit   'has-proto': [ '1.0.3' ],
315 silly audit   'has-symbols': [ '1.0.3' ],
315 silly audit   'define-data-property': [ '1.1.4' ],
315 silly audit   gopd: [ '1.0.1' ],
315 silly audit   'has-property-descriptors': [ '1.0.2' ],
315 silly audit   'media-typer': [ '0.3.0' ],
315 silly audit   '@colors/colors': [ '1.5.0' ],
315 silly audit   '@isaacs/cliui': [ '8.0.2' ],
315 silly audit   '@isaacs/string-locale-compare': [ '1.1.0' ],
315 silly audit   '@npmcli/agent': [ '2.2.1' ],
315 silly audit   '@npmcli/arborist': [ '7.4.0' ],
315 silly audit   '@npmcli/config': [ '8.2.0' ],
315 silly audit   '@npmcli/disparity-colors': [ '3.0.0' ],
315 silly audit   '@npmcli/fs': [ '3.1.0' ],
315 silly audit   '@npmcli/git': [ '5.0.4' ],
315 silly audit   '@npmcli/installed-package-contents': [ '2.0.2' ],
315 silly audit   '@npmcli/map-workspaces': [ '3.0.4' ],
315 silly audit   '@npmcli/metavuln-calculator': [ '7.0.0' ],
315 silly audit   '@npmcli/name-from-folder': [ '2.0.0' ],
315 silly audit   '@npmcli/node-gyp': [ '3.0.0' ],
315 silly audit   '@npmcli/package-json': [ '5.0.0' ],
315 silly audit   '@npmcli/promise-spawn': [ '7.0.1' ],
315 silly audit   '@npmcli/query': [ '3.1.0' ],
315 silly audit   '@npmcli/run-script': [ '7.0.4' ],
315 silly audit   '@pkgjs/parseargs': [ '0.11.0' ],
315 silly audit   '@sigstore/bundle': [ '2.2.0' ],
315 silly audit   '@sigstore/core': [ '1.0.0' ],
315 silly audit   '@sigstore/protobuf-specs': [ '0.3.0' ],
315 silly audit   '@sigstore/sign': [ '2.2.3' ],
315 silly audit   '@sigstore/tuf': [ '2.3.1' ],
315 silly audit   '@sigstore/verify': [ '1.1.0' ],
315 silly audit   '@tufjs/canonical-json': [ '2.0.0' ],
315 silly audit   '@tufjs/models': [ '2.0.0' ],
315 silly audit   abbrev: [ '2.0.0' ],
315 silly audit   'agent-base': [ '7.1.0' ],
315 silly audit   'aggregate-error': [ '3.1.0' ],
315 silly audit   aproba: [ '2.0.0' ],
315 silly audit   archy: [ '1.0.0' ],
315 silly audit   'are-we-there-yet': [ '4.0.2' ],
315 silly audit   'balanced-match': [ '1.0.2' ],
315 silly audit   'bin-links': [ '4.0.3' ],
315 silly audit   'binary-extensions': [ '2.2.0' ],
315 silly audit   'brace-expansion': [ '2.0.1' ],
315 silly audit   builtins: [ '5.0.1' ],
315 silly audit   cacache: [ '18.0.2' ],
315 silly audit   chalk: [ '5.3.0' ],
315 silly audit   chownr: [ '2.0.0' ],
315 silly audit   'ci-info': [ '4.0.0' ],
315 silly audit   'cidr-regex': [ '4.0.3' ],
315 silly audit   'clean-stack': [ '2.2.0' ],
315 silly audit   'cli-columns': [ '4.0.0' ],
315 silly audit   'cli-table3': [ '0.6.3' ],
315 silly audit   clone: [ '1.0.4' ],
315 silly audit   'cmd-shim': [ '6.0.2' ],
315 silly audit   'color-convert': [ '2.0.1' ],
315 silly audit   'color-name': [ '1.1.4' ],
315 silly audit   'color-support': [ '1.1.3' ],
315 silly audit   columnify: [ '1.6.0' ],
315 silly audit   'common-ancestor-path': [ '1.0.1' ],
315 silly audit   'console-control-strings': [ '1.1.0' ],
315 silly audit   'cross-spawn': [ '7.0.3' ],
315 silly audit   cssesc: [ '3.0.0' ],
315 silly audit   defaults: [ '1.0.4' ],
315 silly audit   diff: [ '5.2.0' ],
315 silly audit   eastasianwidth: [ '0.2.0' ],
315 silly audit   encoding: [ '0.1.13' ],
315 silly audit   'env-paths': [ '2.2.1' ],
315 silly audit   'err-code': [ '2.0.3' ],
315 silly audit   'exponential-backoff': [ '3.1.1' ],
315 silly audit   'fastest-levenshtein': [ '1.0.16' ],
315 silly audit   'foreground-child': [ '3.1.1' ],
315 silly audit   gauge: [ '5.0.1' ],
315 silly audit   glob: [ '10.3.10' ],
315 silly audit   'graceful-fs': [ '4.2.11' ],
315 silly audit   'has-unicode': [ '2.0.1' ],
315 silly audit   'hosted-git-info': [ '7.0.1' ],
315 silly audit   'http-cache-semantics': [ '4.1.1' ],
315 silly audit   'http-proxy-agent': [ '7.0.2' ],
315 silly audit   'https-proxy-agent': [ '7.0.4' ],
315 silly audit   'ignore-walk': [ '6.0.4' ],
315 silly audit   imurmurhash: [ '0.1.4' ],
315 silly audit   'indent-string': [ '4.0.0' ],
315 silly audit   ini: [ '4.1.1' ],
315 silly audit   'init-package-json': [ '6.0.0' ],
315 silly audit   'ip-address': [ '9.0.5' ],
315 silly audit   'sprintf-js': [ '1.1.3' ],
315 silly audit   'ip-regex': [ '5.0.0' ],
315 silly audit   'is-cidr': [ '5.0.3' ],
315 silly audit   'is-core-module': [ '2.13.1' ],
315 silly audit   'is-fullwidth-code-point': [ '3.0.0' ],
315 silly audit   'is-lambda': [ '1.0.1' ],
315 silly audit   jackspeak: [ '2.3.6' ],
315 silly audit   jsbn: [ '1.1.0' ],
315 silly audit   'json-parse-even-better-errors': [ '3.0.1' ],
315 silly audit   'json-stringify-nice': [ '1.1.4' ],
315 silly audit   jsonparse: [ '1.3.1' ],
315 silly audit   'just-diff': [ '6.0.2' ],
315 silly audit   'just-diff-apply': [ '5.5.0' ],
315 silly audit   libnpmaccess: [ '8.0.2' ],
315 silly audit   libnpmdiff: [ '6.0.7' ],
315 silly audit   libnpmexec: [ '7.0.8' ],
315 silly audit   libnpmfund: [ '5.0.5' ],
315 silly audit   libnpmhook: [ '10.0.1' ],
315 silly audit   libnpmorg: [ '6.0.2' ],
315 silly audit   libnpmpack: [ '6.0.7' ],
315 silly audit   libnpmpublish: [ '9.0.4' ],
315 silly audit   libnpmsearch: [ '7.0.1' ],
315 silly audit   libnpmteam: [ '6.0.1' ],
315 silly audit   libnpmversion: [ '5.0.2' ],
315 silly audit   'make-fetch-happen': [ '13.0.0' ],
315 silly audit   minimatch: [ '9.0.3' ],
315 silly audit   'minipass-collect': [ '2.0.1' ],
315 silly audit   'minipass-fetch': [ '3.0.4' ],
315 silly audit   'minipass-flush': [ '1.0.5' ],
315 silly audit   'minipass-json-stream': [ '1.0.1' ],
315 silly audit   'minipass-pipeline': [ '1.2.4' ],
315 silly audit   'minipass-sized': [ '1.0.3' ],
315 silly audit   minizlib: [ '2.1.2' ],
315 silly audit   mkdirp: [ '1.0.4' ],
315 silly audit   'mute-stream': [ '1.0.0' ],
315 silly audit   'node-gyp': [ '10.0.1' ],
315 silly audit   nopt: [ '7.2.0' ],
315 silly audit   'normalize-package-data': [ '6.0.0' ],
315 silly audit   'npm-audit-report': [ '5.0.0' ],
315 silly audit   'npm-bundled': [ '3.0.0' ],
315 silly audit   'npm-install-checks': [ '6.3.0' ],
315 silly audit   'npm-normalize-package-bin': [ '3.0.1' ],
315 silly audit   'npm-package-arg': [ '11.0.1' ],
315 silly audit   'npm-packlist': [ '8.0.2' ],
315 silly audit   'npm-pick-manifest': [ '9.0.0' ],
315 silly audit   'npm-profile': [ '9.0.0' ],
315 silly audit   'npm-registry-fetch': [ '16.1.0' ],
315 silly audit   'npm-user-validate': [ '2.0.0' ],
315 silly audit   npmlog: [ '7.0.1' ],
315 silly audit   'p-map': [ '4.0.0' ],
315 silly audit   pacote: [ '17.0.6' ],
315 silly audit   'parse-conflict-json': [ '3.0.1' ],
315 silly audit   'path-key': [ '3.1.1' ],
315 silly audit   'path-scurry': [ '1.10.1' ],
315 silly audit   'postcss-selector-parser': [ '6.0.15' ],
315 silly audit   'proc-log': [ '3.0.0' ],
315 silly audit   'promise-all-reject-late': [ '1.0.1' ],
315 silly audit   'promise-call-limit': [ '3.0.1' ],
315 silly audit   'promise-inflight': [ '1.0.1' ],
315 silly audit   'promise-retry': [ '2.0.1' ],
315 silly audit   promzard: [ '1.0.0' ],
315 silly audit   'qrcode-terminal': [ '0.12.0' ],
315 silly audit   read: [ '2.1.0' ],
315 silly audit   'read-cmd-shim': [ '4.0.0' ],
315 silly audit   'read-package-json': [ '7.0.0' ],
315 silly audit   'read-package-json-fast': [ '3.0.2' ],
315 silly audit   retry: [ '0.12.0' ],
315 silly audit   semver: [ '7.6.0' ],
315 silly audit   'set-blocking': [ '2.0.0' ],
315 silly audit   'shebang-command': [ '2.0.0' ],
315 silly audit   'shebang-regex': [ '3.0.0' ],
315 silly audit   'signal-exit': [ '4.1.0' ],
315 silly audit   sigstore: [ '2.2.2' ],
315 silly audit   'smart-buffer': [ '4.2.0' ],
315 silly audit   socks: [ '2.8.0' ],
315 silly audit   'socks-proxy-agent': [ '8.0.2' ],
315 silly audit   'spdx-correct': [ '3.2.0' ],
315 silly audit   'spdx-exceptions': [ '2.5.0' ],
315 silly audit   'spdx-expression-parse': [ '3.0.1' ],
315 silly audit   'spdx-license-ids': [ '3.0.17' ],
315 silly audit   ssri: [ '10.0.5' ],
315 silly audit   'supports-color': [ '9.4.0' ],
315 silly audit   tar: [ '6.2.0' ],
315 silly audit   'text-table': [ '0.2.0' ],
315 silly audit   'tiny-relative-date': [ '1.3.0' ],
315 silly audit   treeverse: [ '3.0.0' ],
315 silly audit   'tuf-js': [ '2.2.0' ],
315 silly audit   'unique-filename': [ '3.0.0' ],
315 silly audit   'unique-slug': [ '4.0.0' ],
315 silly audit   'util-deprecate': [ '1.0.2' ],
315 silly audit   'validate-npm-package-license': [ '3.0.4' ],
315 silly audit   'validate-npm-package-name': [ '5.0.0' ],
315 silly audit   'walk-up-path': [ '3.0.1' ],
315 silly audit   wcwidth: [ '1.0.1' ],
315 silly audit   'wide-align': [ '1.1.5' ],
315 silly audit   'write-file-atomic': [ '5.0.1' ],
315 silly audit   yallist: [ '4.0.0' ]
315 silly audit }
316 silly tarball no local data for media-typer@https://registry.npmjs.org/media-typer/-/media-typer-0.3.0.tgz. Extracting by manifest.
317 silly tarball no local data for gopd@https://registry.npmjs.org/gopd/-/gopd-1.0.1.tgz. Extracting by manifest.
318 silly tarball no local data for has-property-descriptors@https://registry.npmjs.org/has-property-descriptors/-/has-property-descriptors-1.0.2.tgz. Extracting by manifest.
319 silly tarball no local data for has-symbols@https://registry.npmjs.org/has-symbols/-/has-symbols-1.0.3.tgz. Extracting by manifest.
320 silly tarball no local data for hasown@https://registry.npmjs.org/hasown/-/hasown-2.0.2.tgz. Extracting by manifest.
321 silly tarball no local data for define-data-property@https://registry.npmjs.org/define-data-property/-/define-data-property-1.1.4.tgz. Extracting by manifest.
322 silly tarball no local data for set-function-length@https://registry.npmjs.org/set-function-length/-/set-function-length-1.2.2.tgz. Extracting by manifest.
323 silly tarball no local data for function-bind@https://registry.npmjs.org/function-bind/-/function-bind-1.1.2.tgz. Extracting by manifest.
324 silly tarball no local data for es-define-property@https://registry.npmjs.org/es-define-property/-/es-define-property-1.0.0.tgz. Extracting by manifest.
325 silly tarball no local data for object-inspect@https://registry.npmjs.org/object-inspect/-/object-inspect-1.13.1.tgz. Extracting by manifest.
326 silly tarball no local data for get-intrinsic@https://registry.npmjs.org/get-intrinsic/-/get-intrinsic-1.2.4.tgz. Extracting by manifest.
327 silly tarball no local data for has-proto@https://registry.npmjs.org/has-proto/-/has-proto-1.0.3.tgz. Extracting by manifest.
328 silly tarball no local data for es-errors@https://registry.npmjs.org/es-errors/-/es-errors-1.3.0.tgz. Extracting by manifest.
329 silly tarball no local data for call-bind@https://registry.npmjs.org/call-bind/-/call-bind-1.0.7.tgz. Extracting by manifest.
330 silly tarball no local data for ipaddr.js@https://registry.npmjs.org/ipaddr.js/-/ipaddr.js-1.9.1.tgz. Extracting by manifest.
331 silly tarball no local data for forwarded@https://registry.npmjs.org/forwarded/-/forwarded-0.2.0.tgz. Extracting by manifest.
332 silly tarball no local data for ee-first@https://registry.npmjs.org/ee-first/-/ee-first-1.1.1.tgz. Extracting by manifest.
333 silly tarball no local data for mime-db@https://registry.npmjs.org/mime-db/-/mime-db-1.52.0.tgz. Extracting by manifest.
334 silly tarball no local data for mime@https://registry.npmjs.org/mime/-/mime-1.6.0.tgz. Extracting by manifest.
335 silly tarball no local data for safer-buffer@https://registry.npmjs.org/safer-buffer/-/safer-buffer-2.1.2.tgz. Extracting by manifest.
336 silly tarball no local data for toidentifier@https://registry.npmjs.org/toidentifier/-/toidentifier-1.0.1.tgz. Extracting by manifest.
337 silly tarball no local data for side-channel@https://registry.npmjs.org/side-channel/-/side-channel-1.0.6.tgz. Extracting by manifest.
338 silly tarball no local data for inherits@https://registry.npmjs.org/inherits/-/inherits-2.0.4.tgz. Extracting by manifest.
339 silly tarball no local data for ms@https://registry.npmjs.org/ms/-/ms-2.0.0.tgz. Extracting by manifest.
340 silly tarball no local data for unpipe@https://registry.npmjs.org/unpipe/-/unpipe-1.0.0.tgz. Extracting by manifest.
341 silly tarball no local data for iconv-lite@https://registry.npmjs.org/iconv-lite/-/iconv-lite-0.4.24.tgz. Extracting by manifest.
342 silly tarball no local data for raw-body@https://registry.npmjs.org/raw-body/-/raw-body-2.5.2.tgz. Extracting by manifest.
343 silly tarball no local data for bytes@https://registry.npmjs.org/bytes/-/bytes-3.1.2.tgz. Extracting by manifest.
344 silly tarball no local data for destroy@https://registry.npmjs.org/destroy/-/destroy-1.2.0.tgz. Extracting by manifest.
345 silly tarball no local data for negotiator@https://registry.npmjs.org/negotiator/-/negotiator-0.6.3.tgz. Extracting by manifest.
346 silly tarball no local data for mime-types@https://registry.npmjs.org/mime-types/-/mime-types-2.1.35.tgz. Extracting by manifest.
347 silly tarball no local data for vary@https://registry.npmjs.org/vary/-/vary-1.1.2.tgz. Extracting by manifest.
348 silly tarball no local data for type-is@https://registry.npmjs.org/type-is/-/type-is-1.6.18.tgz. Extracting by manifest.
349 silly tarball no local data for utils-merge@https://registry.npmjs.org/utils-merge/-/utils-merge-1.0.1.tgz. Extracting by manifest.
350 silly tarball no local data for statuses@https://registry.npmjs.org/statuses/-/statuses-2.0.1.tgz. Extracting by manifest.
351 silly tarball no local data for setprototypeof@https://registry.npmjs.org/setprototypeof/-/setprototypeof-1.2.0.tgz. Extracting by manifest.
352 silly tarball no local data for serve-static@https://registry.npmjs.org/serve-static/-/serve-static-1.15.0.tgz. Extracting by manifest.
353 silly tarball no local data for safe-buffer@https://registry.npmjs.org/safe-buffer/-/safe-buffer-5.2.1.tgz. Extracting by manifest.
354 silly tarball no local data for send@https://registry.npmjs.org/send/-/send-0.18.0.tgz. Extracting by manifest.
355 silly tarball no local data for range-parser@https://registry.npmjs.org/range-parser/-/range-parser-1.2.1.tgz. Extracting by manifest.
356 silly tarball no local data for qs@https://registry.npmjs.org/qs/-/qs-6.11.0.tgz. Extracting by manifest.
357 silly tarball no local data for proxy-addr@https://registry.npmjs.org/proxy-addr/-/proxy-addr-2.0.7.tgz. Extracting by manifest.
358 silly tarball no local data for path-to-regexp@https://registry.npmjs.org/path-to-regexp/-/path-to-regexp-0.1.7.tgz. Extracting by manifest.
359 silly tarball no local data for parseurl@https://registry.npmjs.org/parseurl/-/parseurl-1.3.3.tgz. Extracting by manifest.
360 silly tarball no local data for on-finished@https://registry.npmjs.org/on-finished/-/on-finished-2.4.1.tgz. Extracting by manifest.
361 silly tarball no local data for methods@https://registry.npmjs.org/methods/-/methods-1.1.2.tgz. Extracting by manifest.
362 silly tarball no local data for merge-descriptors@https://registry.npmjs.org/merge-descriptors/-/merge-descriptors-1.0.1.tgz. Extracting by manifest.
363 silly tarball no local data for http-errors@https://registry.npmjs.org/http-errors/-/http-errors-2.0.0.tgz. Extracting by manifest.
364 silly tarball no local data for fresh@https://registry.npmjs.org/fresh/-/fresh-0.5.2.tgz. Extracting by manifest.
365 silly tarball no local data for finalhandler@https://registry.npmjs.org/finalhandler/-/finalhandler-1.2.0.tgz. Extracting by manifest.
366 silly tarball no local data for etag@https://registry.npmjs.org/etag/-/etag-1.8.1.tgz. Extracting by manifest.
367 silly tarball no local data for escape-html@https://registry.npmjs.org/escape-html/-/escape-html-1.0.3.tgz. Extracting by manifest.
368 silly tarball no local data for encodeurl@https://registry.npmjs.org/encodeurl/-/encodeurl-1.0.2.tgz. Extracting by manifest.
369 silly tarball no local data for depd@https://registry.npmjs.org/depd/-/depd-2.0.0.tgz. Extracting by manifest.
370 silly tarball no local data for debug@https://registry.npmjs.org/debug/-/debug-2.6.9.tgz. Extracting by manifest.
371 silly tarball no local data for cookie-signature@https://registry.npmjs.org/cookie-signature/-/cookie-signature-1.0.6.tgz. Extracting by manifest.
372 silly tarball no local data for cookie@https://registry.npmjs.org/cookie/-/cookie-0.6.0.tgz. Extracting by manifest.
373 silly tarball no local data for content-type@https://registry.npmjs.org/content-type/-/content-type-1.0.5.tgz. Extracting by manifest.
374 silly tarball no local data for content-disposition@https://registry.npmjs.org/content-disposition/-/content-disposition-0.5.4.tgz. Extracting by manifest.
375 silly tarball no local data for body-parser@https://registry.npmjs.org/body-parser/-/body-parser-1.20.2.tgz. Extracting by manifest.
376 silly tarball no local data for array-flatten@https://registry.npmjs.org/array-flatten/-/array-flatten-1.1.1.tgz. Extracting by manifest.
377 silly tarball no local data for accepts@https://registry.npmjs.org/accepts/-/accepts-1.3.8.tgz. Extracting by manifest.
378 silly tarball no local data for install@https://registry.npmjs.org/install/-/install-0.13.0.tgz. Extracting by manifest.
379 silly tarball no local data for express@https://registry.npmjs.org/express/-/express-4.19.1.tgz. Extracting by manifest.
380 silly tarball no local data for ms@https://registry.npmjs.org/ms/-/ms-2.1.3.tgz. Extracting by manifest.
381 http fetch POST 200 https://registry.npmjs.org/-/npm/v1/security/advisories/bulk 3106ms
382 timing auditReport:getReport Completed in 3208ms
383 silly audit report {}
384 timing auditReport:init Completed in 0ms
385 timing reify:audit Completed in 3210ms
386 http fetch GET 200 https://registry.npmjs.org/gopd/-/gopd-1.0.1.tgz 7804ms (cache miss)
387 timing reifyNode:node_modules/gopd Completed in 8397ms
388 http fetch GET 200 https://registry.npmjs.org/media-typer/-/media-typer-0.3.0.tgz 8398ms (cache miss)
389 timing reifyNode:node_modules/media-typer Completed in 8902ms
390 http fetch GET 200 https://registry.npmjs.org/hasown/-/hasown-2.0.2.tgz 8306ms (cache miss)
391 timing reifyNode:node_modules/hasown Completed in 8902ms
392 http fetch GET 200 https://registry.npmjs.org/define-data-property/-/define-data-property-1.1.4.tgz 8408ms (cache miss)
393 http fetch GET 200 https://registry.npmjs.org/set-function-length/-/set-function-length-1.2.2.tgz 8499ms (cache miss)
394 timing reifyNode:node_modules/set-function-length Completed in 9096ms
395 http fetch GET 200 https://registry.npmjs.org/es-define-property/-/es-define-property-1.0.0.tgz 8496ms (cache miss)
396 timing reifyNode:node_modules/es-define-property Completed in 9097ms
397 timing reifyNode:node_modules/define-data-property Completed in 9105ms
398 http fetch GET 200 https://registry.npmjs.org/function-bind/-/function-bind-1.1.2.tgz 8505ms (cache miss)
399 http fetch GET 200 https://registry.npmjs.org/get-intrinsic/-/get-intrinsic-1.2.4.tgz 8413ms (cache miss)
400 timing reifyNode:node_modules/get-intrinsic Completed in 9105ms
401 http fetch GET 200 https://registry.npmjs.org/has-property-descriptors/-/has-property-descriptors-1.0.2.tgz 8704ms (cache miss)
402 timing reifyNode:node_modules/has-property-descriptors Completed in 9297ms
403 http fetch GET 200 https://registry.npmjs.org/has-symbols/-/has-symbols-1.0.3.tgz 8711ms (cache miss)
404 timing reifyNode:node_modules/function-bind Completed in 9395ms
405 http fetch GET 200 https://registry.npmjs.org/ee-first/-/ee-first-1.1.1.tgz 8700ms (cache miss)
406 timing reifyNode:node_modules/ee-first Completed in 9490ms
407 http fetch GET 200 https://registry.npmjs.org/cookie-signature/-/cookie-signature-1.0.6.tgz 8683ms (cache miss)
408 timing reifyNode:node_modules/cookie-signature Completed in 9687ms
409 timing reifyNode:node_modules/has-symbols Completed in 9696ms
410 http fetch GET 200 https://registry.npmjs.org/unpipe/-/unpipe-1.0.0.tgz 8897ms (cache miss)
411 timing reifyNode:node_modules/unpipe Completed in 9696ms
412 http fetch GET 200 https://registry.npmjs.org/has-proto/-/has-proto-1.0.3.tgz 9103ms (cache miss)
413 timing reifyNode:node_modules/has-proto Completed in 9797ms
414 http fetch GET 200 https://registry.npmjs.org/forwarded/-/forwarded-0.2.0.tgz 9095ms (cache miss)
415 timing reifyNode:node_modules/forwarded Completed in 9796ms
416 http fetch GET 200 https://registry.npmjs.org/toidentifier/-/toidentifier-1.0.1.tgz 9002ms (cache miss)
417 timing reifyNode:node_modules/toidentifier Completed in 9797ms
418 http fetch GET 200 https://registry.npmjs.org/inherits/-/inherits-2.0.4.tgz 9000ms (cache miss)
419 timing reifyNode:node_modules/inherits Completed in 9798ms
420 http fetch GET 200 https://registry.npmjs.org/path-to-regexp/-/path-to-regexp-0.1.7.tgz 8897ms (cache miss)
421 timing reifyNode:node_modules/path-to-regexp Completed in 9797ms
422 http fetch GET 200 https://registry.npmjs.org/merge-descriptors/-/merge-descriptors-1.0.1.tgz 8805ms (cache miss)
423 timing reifyNode:node_modules/merge-descriptors Completed in 9799ms
424 http fetch GET 200 https://registry.npmjs.org/fresh/-/fresh-0.5.2.tgz 8895ms (cache miss)
425 timing reifyNode:node_modules/fresh Completed in 9889ms
426 http fetch GET 200 https://registry.npmjs.org/finalhandler/-/finalhandler-1.2.0.tgz 8895ms (cache miss)
427 timing reifyNode:node_modules/finalhandler Completed in 9890ms
428 http fetch GET 200 https://registry.npmjs.org/escape-html/-/escape-html-1.0.3.tgz 8894ms (cache miss)
429 timing reifyNode:node_modules/escape-html Completed in 9890ms
430 http fetch GET 200 https://registry.npmjs.org/array-flatten/-/array-flatten-1.1.1.tgz 8799ms (cache miss)
431 timing reifyNode:node_modules/array-flatten Completed in 9891ms
432 http fetch GET 200 https://registry.npmjs.org/negotiator/-/negotiator-0.6.3.tgz 9090ms (cache miss)
433 http fetch GET 200 https://registry.npmjs.org/destroy/-/destroy-1.2.0.tgz 9094ms (cache miss)
434 timing reifyNode:node_modules/destroy Completed in 9896ms
435 http fetch GET 200 https://registry.npmjs.org/http-errors/-/http-errors-2.0.0.tgz 8904ms (cache miss)
436 timing reifyNode:node_modules/http-errors Completed in 9898ms
437 http fetch GET 200 https://registry.npmjs.org/on-finished/-/on-finished-2.4.1.tgz 8908ms (cache miss)
438 timing reifyNode:node_modules/on-finished Completed in 9899ms
439 http fetch GET 200 https://registry.npmjs.org/methods/-/methods-1.1.2.tgz 8908ms (cache miss)
440 timing reifyNode:node_modules/methods Completed in 9900ms
441 http fetch GET 200 https://registry.npmjs.org/encodeurl/-/encodeurl-1.0.2.tgz 8899ms (cache miss)
442 timing reifyNode:node_modules/encodeurl Completed in 9899ms
443 http fetch GET 200 https://registry.npmjs.org/ms/-/ms-2.0.0.tgz 9105ms (cache miss)
444 timing reifyNode:node_modules/ms Completed in 9904ms
445 http fetch GET 200 https://registry.npmjs.org/ms/-/ms-2.1.3.tgz 8805ms (cache miss)
446 timing reifyNode:node_modules/send/node_modules/ms Completed in 9902ms
447 timing reifyNode:node_modules/negotiator Completed in 9904ms
448 http fetch GET 200 https://registry.npmjs.org/utils-merge/-/utils-merge-1.0.1.tgz 9014ms (cache miss)
449 timing reifyNode:node_modules/utils-merge Completed in 9904ms
450 http fetch GET 200 https://registry.npmjs.org/setprototypeof/-/setprototypeof-1.2.0.tgz 9013ms (cache miss)
451 timing reifyNode:node_modules/setprototypeof Completed in 9905ms
452 http fetch GET 200 https://registry.npmjs.org/parseurl/-/parseurl-1.3.3.tgz 9086ms (cache miss)
453 timing reifyNode:node_modules/parseurl Completed in 9987ms
454 http fetch GET 200 https://registry.npmjs.org/etag/-/etag-1.8.1.tgz 8992ms (cache miss)
455 timing reifyNode:node_modules/etag Completed in 9987ms
456 http fetch GET 200 https://registry.npmjs.org/content-disposition/-/content-disposition-0.5.4.tgz 8900ms (cache miss)
457 timing reifyNode:node_modules/content-disposition Completed in 9986ms
458 http fetch GET 200 https://registry.npmjs.org/content-type/-/content-type-1.0.5.tgz 8903ms (cache miss)
459 timing reifyNode:node_modules/content-type Completed in 9987ms
460 http fetch GET 200 https://registry.npmjs.org/bytes/-/bytes-3.1.2.tgz 9190ms (cache miss)
461 timing reifyNode:node_modules/bytes Completed in 9991ms
462 http fetch GET 200 https://registry.npmjs.org/mime-types/-/mime-types-2.1.35.tgz 9186ms (cache miss)
463 timing reifyNode:node_modules/mime-types Completed in 9992ms
464 http fetch GET 200 https://registry.npmjs.org/type-is/-/type-is-1.6.18.tgz 9103ms (cache miss)
465 timing reifyNode:node_modules/type-is Completed in 9992ms
466 http fetch GET 200 https://registry.npmjs.org/range-parser/-/range-parser-1.2.1.tgz 9095ms (cache miss)
467 timing reifyNode:node_modules/range-parser Completed in 9992ms
468 http fetch GET 200 https://registry.npmjs.org/proxy-addr/-/proxy-addr-2.0.7.tgz 9096ms (cache miss)
469 timing reifyNode:node_modules/proxy-addr Completed in 9995ms
470 http fetch GET 200 https://registry.npmjs.org/accepts/-/accepts-1.3.8.tgz 8902ms (cache miss)
471 timing reifyNode:node_modules/accepts Completed in 9994ms
472 http fetch GET 200 https://registry.npmjs.org/statuses/-/statuses-2.0.1.tgz 9107ms (cache miss)
473 timing reifyNode:node_modules/statuses Completed in 9998ms
474 http fetch GET 200 https://registry.npmjs.org/vary/-/vary-1.1.2.tgz 9110ms (cache miss)
475 timing reifyNode:node_modules/vary Completed in 9999ms
476 http fetch GET 200 https://registry.npmjs.org/side-channel/-/side-channel-1.0.6.tgz 9298ms (cache miss)
477 timing reifyNode:node_modules/side-channel Completed in 10094ms
478 http fetch GET 200 https://registry.npmjs.org/depd/-/depd-2.0.0.tgz 9089ms (cache miss)
479 timing reifyNode:node_modules/depd Completed in 10091ms
480 http fetch GET 200 https://registry.npmjs.org/install/-/install-0.13.0.tgz 8998ms (cache miss)
481 timing reifyNode:node_modules/install Completed in 10091ms
482 http fetch GET 200 https://registry.npmjs.org/es-errors/-/es-errors-1.3.0.tgz 9405ms (cache miss)
483 timing reifyNode:node_modules/es-errors Completed in 10098ms
484 http fetch GET 200 https://registry.npmjs.org/safer-buffer/-/safer-buffer-2.1.2.tgz 9305ms (cache miss)
485 timing reifyNode:node_modules/safer-buffer Completed in 10098ms
486 http fetch GET 200 https://registry.npmjs.org/cookie/-/cookie-0.6.0.tgz 9092ms (cache miss)
487 timing reifyNode:node_modules/cookie Completed in 10095ms
488 http fetch GET 200 https://registry.npmjs.org/ipaddr.js/-/ipaddr.js-1.9.1.tgz 9405ms (cache miss)
489 timing reifyNode:node_modules/ipaddr.js Completed in 10101ms
490 http fetch GET 200 https://registry.npmjs.org/safe-buffer/-/safe-buffer-5.2.1.tgz 9206ms (cache miss)
491 timing reifyNode:node_modules/safe-buffer Completed in 10101ms
492 http fetch GET 200 https://registry.npmjs.org/call-bind/-/call-bind-1.0.7.tgz 9411ms (cache miss)
493 timing reifyNode:node_modules/call-bind Completed in 10105ms
494 http fetch GET 200 https://registry.npmjs.org/raw-body/-/raw-body-2.5.2.tgz 9304ms (cache miss)
495 timing reifyNode:node_modules/raw-body Completed in 10106ms
496 http fetch GET 200 https://registry.npmjs.org/serve-static/-/serve-static-1.15.0.tgz 9213ms (cache miss)
497 timing reifyNode:node_modules/serve-static Completed in 10106ms
498 http fetch GET 200 https://registry.npmjs.org/send/-/send-0.18.0.tgz 9397ms (cache miss)
499 timing reifyNode:node_modules/send Completed in 10293ms
500 http fetch GET 200 https://registry.npmjs.org/mime/-/mime-1.6.0.tgz 9506ms (cache miss)
501 timing reifyNode:node_modules/mime Completed in 10298ms
502 http fetch GET 200 https://registry.npmjs.org/mime-db/-/mime-db-1.52.0.tgz 9603ms (cache miss)
503 timing reifyNode:node_modules/mime-db Completed in 10394ms
504 http fetch GET 200 https://registry.npmjs.org/debug/-/debug-2.6.9.tgz 9391ms (cache miss)
505 timing reifyNode:node_modules/debug Completed in 10395ms
506 http fetch GET 200 https://registry.npmjs.org/body-parser/-/body-parser-1.20.2.tgz 9306ms (cache miss)
507 timing reifyNode:node_modules/body-parser Completed in 10396ms
508 http fetch GET 200 https://registry.npmjs.org/object-inspect/-/object-inspect-1.13.1.tgz 9803ms (cache miss)
509 timing reifyNode:node_modules/object-inspect Completed in 10404ms
510 http fetch GET 200 https://registry.npmjs.org/qs/-/qs-6.11.0.tgz 9695ms (cache miss)
511 timing reifyNode:node_modules/qs Completed in 10593ms
512 http fetch GET 200 https://registry.npmjs.org/express/-/express-4.19.1.tgz 9502ms (cache miss)
513 timing reifyNode:node_modules/express Completed in 10596ms
514 http fetch GET 200 https://registry.npmjs.org/iconv-lite/-/iconv-lite-0.4.24.tgz 9892ms (cache miss)
515 timing reifyNode:node_modules/iconv-lite Completed in 10691ms
516 timing reify:unpack Completed in 10696ms
517 timing reify:unretire Completed in 0ms
518 timing build:queue Completed in 3ms
519 timing build:link:node_modules/mime Completed in 3ms
520 timing build:link Completed in 3ms
521 timing build:deps Completed in 7ms
522 timing build Completed in 7ms
523 timing reify:build Completed in 9ms
524 timing reify:trash Completed in 0ms
525 timing reify:save Completed in 1095ms
526 timing reify Completed in 33591ms
527 silly ADD node_modules/media-typer
528 silly ADD node_modules/has-property-descriptors
529 silly ADD node_modules/gopd
530 silly ADD node_modules/define-data-property
531 silly ADD node_modules/hasown
532 silly ADD node_modules/has-symbols
533 silly ADD node_modules/has-proto
534 silly ADD node_modules/set-function-length
535 silly ADD node_modules/function-bind
536 silly ADD node_modules/es-define-property
537 silly ADD node_modules/object-inspect
538 silly ADD node_modules/get-intrinsic
539 silly ADD node_modules/es-errors
540 silly ADD node_modules/call-bind
541 silly ADD node_modules/mime
542 silly ADD node_modules/side-channel
543 silly ADD node_modules/ipaddr.js
544 silly ADD node_modules/forwarded
545 silly ADD node_modules/ee-first
546 silly ADD node_modules/mime-db
547 silly ADD node_modules/safer-buffer
548 silly ADD node_modules/toidentifier
549 silly ADD node_modules/inherits
550 silly ADD node_modules/ms
551 silly ADD node_modules/unpipe
552 silly ADD node_modules/raw-body
553 silly ADD node_modules/iconv-lite
554 silly ADD node_modules/destroy
555 silly ADD node_modules/bytes
556 silly ADD node_modules/negotiator
557 silly ADD node_modules/mime-types
558 silly ADD node_modules/vary
559 silly ADD node_modules/utils-merge
560 silly ADD node_modules/type-is
561 silly ADD node_modules/statuses
562 silly ADD node_modules/setprototypeof
563 silly ADD node_modules/serve-static
564 silly ADD node_modules/send
565 silly ADD node_modules/send/node_modules/ms
566 silly ADD node_modules/safe-buffer
567 silly ADD node_modules/range-parser
568 silly ADD node_modules/qs
569 silly ADD node_modules/proxy-addr
570 silly ADD node_modules/path-to-regexp
571 silly ADD node_modules/parseurl
572 silly ADD node_modules/on-finished
573 silly ADD node_modules/methods
574 silly ADD node_modules/merge-descriptors
575 silly ADD node_modules/http-errors
576 silly ADD node_modules/fresh
577 silly ADD node_modules/finalhandler
578 silly ADD node_modules/etag
579 silly ADD node_modules/escape-html
580 silly ADD node_modules/encodeurl
581 silly ADD node_modules/depd
582 silly ADD node_modules/debug
583 silly ADD node_modules/cookie-signature
584 silly ADD node_modules/cookie
585 silly ADD node_modules/content-type
586 silly ADD node_modules/content-disposition
587 silly ADD node_modules/body-parser
588 silly ADD node_modules/array-flatten
589 silly ADD node_modules/accepts
590 silly ADD node_modules/install
591 silly ADD node_modules/express
592 timing command:install Completed in 33693ms
593 verbose exit 0
594 timing npm Completed in 35702ms
595 info ok
