0 verbose cli /usr/local/bin/node /usr/local/bin/npm
1 info using npm@10.5.0
2 info using node@v20.11.1
3 timing npm:load:whichnode Completed in 80ms
4 timing config:load:defaults Completed in 2ms
5 timing config:load:file:/usr/local/lib/node_modules/npm/npmrc Completed in 1ms
6 timing config:load:builtin Completed in 1ms
7 timing config:load:cli Completed in 3ms
8 timing config:load:env Completed in 1ms
9 timing config:load:project Completed in 94ms
10 timing config:load:file:/home/container/.npmrc Completed in 0ms
11 timing config:load:user Completed in 0ms
12 timing config:load:file:/usr/local/etc/npmrc Completed in 1ms
13 timing config:load:global Completed in 1ms
14 timing config:load:setEnvs Completed in 1ms
15 timing config:load Completed in 103ms
16 timing npm:load:configload Completed in 103ms
17 timing config:load:flatten Completed in 2ms
18 timing npm:load:mkdirpcache Completed in 0ms
19 timing npm:load:mkdirplogs Completed in 0ms
20 verbose title npm install npm init
21 verbose argv "install" "npm" "init" "--yes"
22 timing npm:load:setTitle Completed in 1ms
23 timing npm:load:display Completed in 1ms
24 verbose logfile logs-max:10 dir:/home/container/.npm/_logs/2024-03-21T02_23_48_785Z-
25 verbose logfile /home/container/.npm/_logs/2024-03-21T02_23_48_785Z-debug-0.log
26 timing npm:load:logFile Completed in 87ms
27 timing npm:load:timers Completed in 0ms
28 timing npm:load:configScope Completed in 0ms
29 timing npm:load Completed in 381ms
30 timing arborist:ctor Completed in 1ms
31 silly logfile done cleaning log files
32 timing idealTree:init Completed in 912ms
33 timing idealTree:userRequests Completed in 78ms
34 silly idealTree buildDeps
35 silly fetch manifest init@^0.1.2
36 timing arborist:ctor Completed in 1ms
37 http fetch GET 200 https://registry.npmjs.org/init 1210ms (cache hit)
38 silly fetch manifest npm@^10.5.0
39 http fetch GET 200 https://registry.npmjs.org/npm 401ms (cache hit)
40 silly placeDep ROOT init@0.1.2 REPLACE for:  want: ^0.1.2
41 silly placeDep ROOT npm@10.5.0 REPLACE for:  want: ^10.5.0
42 timing idealTree:#root Completed in 7209ms
43 timing idealTree:node_modules/init Completed in 0ms
44 timing idealTree:node_modules/npm Completed in 0ms
45 timing idealTree:buildDeps Completed in 7299ms
46 timing idealTree:fixDepFlags Completed in 5ms
47 timing idealTree Completed in 8394ms
48 timing reify:loadTrees Completed in 8396ms
49 timing reify:diffTrees Completed in 600ms
50 silly reify moves {}
51 timing reify:retireShallow Completed in 1ms
52 timing reify:createSparse Completed in 0ms
53 timing reify:loadBundles Completed in 0ms
54 silly audit bulk request {
54 silly audit   daemon: [ '1.1.0' ],
54 silly audit   init: [ '0.1.2' ],
54 silly audit   npm: [ '10.5.0' ],
54 silly audit   'ansi-regex': [ '6.0.1', '5.0.1' ],
54 silly audit   'emoji-regex': [ '9.2.2', '8.0.0' ],
54 silly audit   'string-width': [ '5.1.2', '4.2.3' ],
54 silly audit   'strip-ansi': [ '7.1.0', '6.0.1' ],
54 silly audit   'ansi-styles': [ '4.3.0', '6.2.1' ],
54 silly audit   which: [ '2.0.2', '4.0.0' ],
54 silly audit   ms: [ '2.1.2', '2.1.3' ],
54 silly audit   'fs-minipass': [ '3.0.3', '2.1.0' ],
54 silly audit   isexe: [ '2.0.0', '3.1.1' ],
54 silly audit   'lru-cache': [ '10.2.0', '6.0.0' ],
54 silly audit   minipass: [ '7.0.4', '3.3.6', '5.0.0' ],
54 silly audit   'wrap-ansi': [ '8.1.0', '7.0.0' ],
54 silly audit   '@colors/colors': [ '1.5.0' ],
54 silly audit   '@isaacs/cliui': [ '8.0.2' ],
54 silly audit   '@isaacs/string-locale-compare': [ '1.1.0' ],
54 silly audit   '@npmcli/agent': [ '2.2.1' ],
54 silly audit   '@npmcli/arborist': [ '7.4.0' ],
54 silly audit   '@npmcli/config': [ '8.2.0' ],
54 silly audit   '@npmcli/disparity-colors': [ '3.0.0' ],
54 silly audit   '@npmcli/fs': [ '3.1.0' ],
54 silly audit   '@npmcli/git': [ '5.0.4' ],
54 silly audit   '@npmcli/installed-package-contents': [ '2.0.2' ],
54 silly audit   '@npmcli/map-workspaces': [ '3.0.4' ],
54 silly audit   '@npmcli/metavuln-calculator': [ '7.0.0' ],
54 silly audit   '@npmcli/name-from-folder': [ '2.0.0' ],
54 silly audit   '@npmcli/node-gyp': [ '3.0.0' ],
54 silly audit   '@npmcli/package-json': [ '5.0.0' ],
54 silly audit   '@npmcli/promise-spawn': [ '7.0.1' ],
54 silly audit   '@npmcli/query': [ '3.1.0' ],
54 silly audit   '@npmcli/run-script': [ '7.0.4' ],
54 silly audit   '@pkgjs/parseargs': [ '0.11.0' ],
54 silly audit   '@sigstore/bundle': [ '2.2.0' ],
54 silly audit   '@sigstore/core': [ '1.0.0' ],
54 silly audit   '@sigstore/protobuf-specs': [ '0.3.0' ],
54 silly audit   '@sigstore/sign': [ '2.2.3' ],
54 silly audit   '@sigstore/tuf': [ '2.3.1' ],
54 silly audit   '@sigstore/verify': [ '1.1.0' ],
54 silly audit   '@tufjs/canonical-json': [ '2.0.0' ],
54 silly audit   '@tufjs/models': [ '2.0.0' ],
54 silly audit   abbrev: [ '2.0.0' ],
54 silly audit   'agent-base': [ '7.1.0' ],
54 silly audit   'aggregate-error': [ '3.1.0' ],
54 silly audit   aproba: [ '2.0.0' ],
54 silly audit   archy: [ '1.0.0' ],
54 silly audit   'are-we-there-yet': [ '4.0.2' ],
54 silly audit   'balanced-match': [ '1.0.2' ],
54 silly audit   'bin-links': [ '4.0.3' ],
54 silly audit   'binary-extensions': [ '2.2.0' ],
54 silly audit   'brace-expansion': [ '2.0.1' ],
54 silly audit   builtins: [ '5.0.1' ],
54 silly audit   cacache: [ '18.0.2' ],
54 silly audit   chalk: [ '5.3.0' ],
54 silly audit   chownr: [ '2.0.0' ],
54 silly audit   'ci-info': [ '4.0.0' ],
54 silly audit   'cidr-regex': [ '4.0.3' ],
54 silly audit   'clean-stack': [ '2.2.0' ],
54 silly audit   'cli-columns': [ '4.0.0' ],
54 silly audit   'cli-table3': [ '0.6.3' ],
54 silly audit   clone: [ '1.0.4' ],
54 silly audit   'cmd-shim': [ '6.0.2' ],
54 silly audit   'color-convert': [ '2.0.1' ],
54 silly audit   'color-name': [ '1.1.4' ],
54 silly audit   'color-support': [ '1.1.3' ],
54 silly audit   columnify: [ '1.6.0' ],
54 silly audit   'common-ancestor-path': [ '1.0.1' ],
54 silly audit   'console-control-strings': [ '1.1.0' ],
54 silly audit   'cross-spawn': [ '7.0.3' ],
54 silly audit   cssesc: [ '3.0.0' ],
54 silly audit   debug: [ '4.3.4' ],
54 silly audit   defaults: [ '1.0.4' ],
54 silly audit   diff: [ '5.2.0' ],
54 silly audit   eastasianwidth: [ '0.2.0' ],
54 silly audit   encoding: [ '0.1.13' ],
54 silly audit   'env-paths': [ '2.2.1' ],
54 silly audit   'err-code': [ '2.0.3' ],
54 silly audit   'exponential-backoff': [ '3.1.1' ],
54 silly audit   'fastest-levenshtein': [ '1.0.16' ],
54 silly audit   'foreground-child': [ '3.1.1' ],
54 silly audit   'function-bind': [ '1.1.2' ],
54 silly audit   gauge: [ '5.0.1' ],
54 silly audit   glob: [ '10.3.10' ],
54 silly audit   'graceful-fs': [ '4.2.11' ],
54 silly audit   'has-unicode': [ '2.0.1' ],
54 silly audit   hasown: [ '2.0.1' ],
54 silly audit   'hosted-git-info': [ '7.0.1' ],
54 silly audit   'http-cache-semantics': [ '4.1.1' ],
54 silly audit   'http-proxy-agent': [ '7.0.2' ],
54 silly audit   'https-proxy-agent': [ '7.0.4' ],
54 silly audit   'iconv-lite': [ '0.6.3' ],
54 silly audit   'ignore-walk': [ '6.0.4' ],
54 silly audit   imurmurhash: [ '0.1.4' ],
54 silly audit   'indent-string': [ '4.0.0' ],
54 silly audit   ini: [ '4.1.1' ],
54 silly audit   'init-package-json': [ '6.0.0' ],
54 silly audit   'ip-address': [ '9.0.5' ],
54 silly audit   'sprintf-js': [ '1.1.3' ],
54 silly audit   'ip-regex': [ '5.0.0' ],
54 silly audit   'is-cidr': [ '5.0.3' ],
54 silly audit   'is-core-module': [ '2.13.1' ],
54 silly audit   'is-fullwidth-code-point': [ '3.0.0' ],
54 silly audit   'is-lambda': [ '1.0.1' ],
54 silly audit   jackspeak: [ '2.3.6' ],
54 silly audit   jsbn: [ '1.1.0' ],
54 silly audit   'json-parse-even-better-errors': [ '3.0.1' ],
54 silly audit   'json-stringify-nice': [ '1.1.4' ],
54 silly audit   jsonparse: [ '1.3.1' ],
54 silly audit   'just-diff': [ '6.0.2' ],
54 silly audit   'just-diff-apply': [ '5.5.0' ],
54 silly audit   libnpmaccess: [ '8.0.2' ],
54 silly audit   libnpmdiff: [ '6.0.7' ],
54 silly audit   libnpmexec: [ '7.0.8' ],
54 silly audit   libnpmfund: [ '5.0.5' ],
54 silly audit   libnpmhook: [ '10.0.1' ],
54 silly audit   libnpmorg: [ '6.0.2' ],
54 silly audit   libnpmpack: [ '6.0.7' ],
54 silly audit   libnpmpublish: [ '9.0.4' ],
54 silly audit   libnpmsearch: [ '7.0.1' ],
54 silly audit   libnpmteam: [ '6.0.1' ],
54 silly audit   libnpmversion: [ '5.0.2' ],
54 silly audit   'make-fetch-happen': [ '13.0.0' ],
54 silly audit   minimatch: [ '9.0.3' ],
54 silly audit   'minipass-collect': [ '2.0.1' ],
54 silly audit   'minipass-fetch': [ '3.0.4' ],
54 silly audit   'minipass-flush': [ '1.0.5' ],
54 silly audit   'minipass-json-stream': [ '1.0.1' ],
54 silly audit   'minipass-pipeline': [ '1.2.4' ],
54 silly audit   'minipass-sized': [ '1.0.3' ],
54 silly audit   minizlib: [ '2.1.2' ],
54 silly audit   mkdirp: [ '1.0.4' ],
54 silly audit   'mute-stream': [ '1.0.0' ],
54 silly audit   negotiator: [ '0.6.3' ],
54 silly audit   'node-gyp': [ '10.0.1' ],
54 silly audit   nopt: [ '7.2.0' ],
54 silly audit   'normalize-package-data': [ '6.0.0' ],
54 silly audit   'npm-audit-report': [ '5.0.0' ],
54 silly audit   'npm-bundled': [ '3.0.0' ],
54 silly audit   'npm-install-checks': [ '6.3.0' ],
54 silly audit   'npm-normalize-package-bin': [ '3.0.1' ],
54 silly audit   'npm-package-arg': [ '11.0.1' ],
54 silly audit   'npm-packlist': [ '8.0.2' ],
54 silly audit   'npm-pick-manifest': [ '9.0.0' ],
54 silly audit   'npm-profile': [ '9.0.0' ],
54 silly audit   'npm-registry-fetch': [ '16.1.0' ],
54 silly audit   'npm-user-validate': [ '2.0.0' ],
54 silly audit   npmlog: [ '7.0.1' ],
54 silly audit   'p-map': [ '4.0.0' ],
54 silly audit   pacote: [ '17.0.6' ],
54 silly audit   'parse-conflict-json': [ '3.0.1' ],
54 silly audit   'path-key': [ '3.1.1' ],
54 silly audit   'path-scurry': [ '1.10.1' ],
54 silly audit   'postcss-selector-parser': [ '6.0.15' ],
54 silly audit   'proc-log': [ '3.0.0' ],
54 silly audit   'promise-all-reject-late': [ '1.0.1' ],
54 silly audit   'promise-call-limit': [ '3.0.1' ],
54 silly audit   'promise-inflight': [ '1.0.1' ],
54 silly audit   'promise-retry': [ '2.0.1' ],
54 silly audit   promzard: [ '1.0.0' ],
54 silly audit   'qrcode-terminal': [ '0.12.0' ],
54 silly audit   read: [ '2.1.0' ],
54 silly audit   'read-cmd-shim': [ '4.0.0' ],
54 silly audit   'read-package-json': [ '7.0.0' ],
54 silly audit   'read-package-json-fast': [ '3.0.2' ],
54 silly audit   retry: [ '0.12.0' ],
54 silly audit   'safer-buffer': [ '2.1.2' ],
54 silly audit   semver: [ '7.6.0' ],
54 silly audit   'set-blocking': [ '2.0.0' ],
54 silly audit   'shebang-command': [ '2.0.0' ],
54 silly audit   'shebang-regex': [ '3.0.0' ],
54 silly audit   'signal-exit': [ '4.1.0' ],
54 silly audit   sigstore: [ '2.2.2' ],
54 silly audit   'smart-buffer': [ '4.2.0' ],
54 silly audit   socks: [ '2.8.0' ],
54 silly audit   'socks-proxy-agent': [ '8.0.2' ],
54 silly audit   'spdx-correct': [ '3.2.0' ],
54 silly audit   'spdx-exceptions': [ '2.5.0' ],
54 silly audit   'spdx-expression-parse': [ '3.0.1' ],
54 silly audit   'spdx-license-ids': [ '3.0.17' ],
54 silly audit   ssri: [ '10.0.5' ],
54 silly audit   'supports-color': [ '9.4.0' ],
54 silly audit   tar: [ '6.2.0' ],
54 silly audit   'text-table': [ '0.2.0' ],
54 silly audit   'tiny-relative-date': [ '1.3.0' ],
54 silly audit   treeverse: [ '3.0.0' ],
54 silly audit   'tuf-js': [ '2.2.0' ],
54 silly audit   'unique-filename': [ '3.0.0' ],
54 silly audit   'unique-slug': [ '4.0.0' ],
54 silly audit   'util-deprecate': [ '1.0.2' ],
54 silly audit   'validate-npm-package-license': [ '3.0.4' ],
54 silly audit   'validate-npm-package-name': [ '5.0.0' ],
54 silly audit   'walk-up-path': [ '3.0.1' ],
54 silly audit   wcwidth: [ '1.0.1' ],
54 silly audit   'wide-align': [ '1.1.5' ],
54 silly audit   'write-file-atomic': [ '5.0.1' ],
54 silly audit   yallist: [ '4.0.0' ]
54 silly audit }
55 timing reify:unpack Completed in 2ms
56 timing reify:unretire Completed in 199ms
57 timing build:queue Completed in 0ms
58 timing build:deps Completed in 0ms
59 timing build Completed in 1ms
60 timing reify:build Completed in 2ms
61 timing reify:trash Completed in 0ms
62 timing reify:save Completed in 991ms
63 http fetch POST 200 https://registry.npmjs.org/-/npm/v1/security/advisories/bulk 1793ms
64 timing auditReport:getReport Completed in 1800ms
65 silly audit report {}
66 timing auditReport:init Completed in 0ms
67 timing reify:audit Completed in 1801ms
68 timing reify Completed in 10806ms
69 timing command:install Completed in 10899ms
70 verbose exit 0
71 timing npm Completed in 12687ms
72 info ok
