0 verbose cli /usr/local/bin/node /usr/local/bin/npm
1 info using npm@10.5.0
2 info using node@v20.11.1
3 timing npm:load:whichnode Completed in 78ms
4 timing config:load:defaults Completed in 3ms
5 timing config:load:file:/usr/local/lib/node_modules/npm/npmrc Completed in 3ms
6 timing config:load:builtin Completed in 3ms
7 timing config:load:cli Completed in 96ms
8 timing config:load:env Completed in 1ms
9 timing config:load:project Completed in 6ms
10 timing config:load:file:/home/container/.npmrc Completed in 0ms
11 timing config:load:user Completed in 0ms
12 timing config:load:file:/usr/local/etc/npmrc Completed in 0ms
13 timing config:load:global Completed in 0ms
14 timing config:load:setEnvs Completed in 1ms
15 timing config:load Completed in 209ms
16 timing npm:load:configload Completed in 209ms
17 timing config:load:flatten Completed in 5ms
18 timing npm:load:mkdirpcache Completed in 1ms
19 timing npm:load:mkdirplogs Completed in 0ms
20 verbose title npm install npm init
21 verbose argv "install" "npm" "init" "--yes"
22 timing npm:load:setTitle Completed in 0ms
23 timing npm:load:display Completed in 0ms
24 verbose logfile logs-max:10 dir:/home/container/.npm/_logs/2024-03-21T02_23_08_187Z-
25 verbose logfile /home/container/.npm/_logs/2024-03-21T02_23_08_187Z-debug-0.log
26 timing npm:load:logFile Completed in 91ms
27 timing npm:load:timers Completed in 1ms
28 timing npm:load:configScope Completed in 0ms
29 timing npm:load Completed in 492ms
30 timing config:load:flatten Completed in 0ms
31 timing arborist:ctor Completed in 1ms
32 silly logfile done cleaning log files
33 timing arborist:ctor Completed in 0ms
34 timing idealTree:init Completed in 93ms
35 timing idealTree:userRequests Completed in 2ms
36 silly idealTree buildDeps
37 silly fetch manifest npm@*
38 http fetch GET 200 https://registry.npmjs.org/npm 603ms
39 http fetch GET 200 https://registry.npmjs.org/npm 4396ms (cache miss)
40 silly fetch manifest init@*
41 http fetch GET 200 https://registry.npmjs.org/init 734ms (cache miss)
42 silly placeDep ROOT init@0.1.2 OK for:  want: *
43 silly placeDep ROOT npm@10.5.0 OK for:  want: *
44 silly fetch manifest daemon@>=0.3.0
45 http fetch GET 200 https://registry.npmjs.org/daemon 725ms (cache miss)
46 timing idealTree:#root Completed in 10739ms
47 silly placeDep ROOT daemon@1.1.0 OK for: init@0.1.2 want: >=0.3.0
48 timing idealTree:node_modules/init Completed in 6ms
49 timing idealTree:node_modules/daemon Completed in 0ms
50 timing idealTree:node_modules/npm Completed in 0ms
51 timing idealTree:buildDeps Completed in 10747ms
52 timing idealTree:fixDepFlags Completed in 2ms
53 timing idealTree Completed in 10898ms
54 timing reify:loadTrees Completed in 10900ms
55 timing reify:diffTrees Completed in 3ms
56 silly reify moves {}
57 timing reify:retireShallow Completed in 3ms
58 timing reify:createSparse Completed in 4ms
59 silly tarball no local data for npm@https://registry.npmjs.org/npm/-/npm-10.5.0.tgz. Extracting by manifest.
60 http fetch GET 200 https://registry.npmjs.org/npm/-/npm-10.5.0.tgz 11321ms (cache miss)
61 timing reifyNode:node_modules/npm Completed in 11484ms
62 timing arborist:ctor Completed in 0ms
63 timing reify:diffTrees Completed in 3ms
64 timing reify:loadBundles Completed in 14191ms
65 silly tarball no local data for daemon@https://registry.npmjs.org/daemon/-/daemon-1.1.0.tgz. Extracting by manifest.
66 silly tarball no local data for init@https://registry.npmjs.org/init/-/init-0.1.2.tgz. Extracting by manifest.
67 http fetch GET 200 https://registry.npmjs.org/daemon/-/daemon-1.1.0.tgz 1000ms (cache miss)
68 timing reifyNode:node_modules/daemon Completed in 1190ms
69 http fetch GET 200 https://registry.npmjs.org/init/-/init-0.1.2.tgz 1096ms (cache miss)
70 timing reifyNode:node_modules/init Completed in 1290ms
71 timing reify:unpack Completed in 1290ms
72 timing reify:unretire Completed in 0ms
73 timing build:queue Completed in 304ms
74 timing build:link:node_modules/npm/node_modules/@npmcli/arborist Completed in 5ms
75 timing build:link:node_modules/npm/node_modules/cross-spawn/node_modules/which Completed in 4ms
76 timing build:link:node_modules/npm Completed in 7ms
77 timing build:link:node_modules/npm/node_modules/@npmcli/installed-package-contents Completed in 6ms
78 timing build:link:node_modules/npm/node_modules/cssesc Completed in 6ms
79 timing build:link:node_modules/npm/node_modules/glob Completed in 6ms
80 timing build:link:node_modules/npm/node_modules/mkdirp Completed in 5ms
81 timing build:link:node_modules/npm/node_modules/node-gyp Completed in 5ms
82 timing build:link:node_modules/npm/node_modules/color-support Completed in 6ms
83 timing build:link:node_modules/npm/node_modules/nopt Completed in 5ms
84 timing build:link:node_modules/npm/node_modules/pacote Completed in 5ms
85 timing build:link:node_modules/npm/node_modules/qrcode-terminal Completed in 6ms
86 timing build:link:node_modules/npm/node_modules/semver Completed in 6ms
87 timing build:link:node_modules/npm/node_modules/which Completed in 6ms
88 timing build:link Completed in 8ms
89 timing build:deps Completed in 409ms
90 timing build Completed in 409ms
91 timing reify:build Completed in 411ms
92 timing reify:trash Completed in 0ms
93 timing reify:save Completed in 795ms
94 timing reify Completed in 28101ms
95 silly ADD node_modules/daemon
96 silly ADD node_modules/npm
97 silly ADD node_modules/init
98 timing command:install Completed in 28186ms
99 verbose exit 0
100 timing npm Completed in 29990ms
101 info ok
